nohup: ignoring input
A.L.E: Arcade Learning Environment (version 0.8.1+53f58b7)
[Powered by Stella]
Episode 0: mean reward -1.75
Episode 1: mean reward -2.50
Episode 2: mean reward -2.50
Episode 3: mean reward -3.00
Episode 4: mean reward -3.00
Episode 5: mean reward -3.00
Episode 6: mean reward -3.25
Episode 7: mean reward -2.75
Episode 8: mean reward -3.25
Episode 9: mean reward -3.25
Episode 10: mean reward -2.25
Episode 11: mean reward -2.25
Episode 12: mean reward -3.25
Episode 13: mean reward -3.00
Episode 14: mean reward -2.00
Episode 15: mean reward -3.25
Episode 16: mean reward -3.00
Episode 17: mean reward -3.25
Episode 18: mean reward -3.75
Episode 19: mean reward -3.00
Episode 20: mean reward -2.75
Episode 21: mean reward -2.75
Episode 22: mean reward -2.75
Episode 23: mean reward -3.00
Episode 24: mean reward -2.75
Episode 25: mean reward -3.00
Episode 26: mean reward -4.00
Episode 27: mean reward -2.50
Episode 28: mean reward -2.50
Episode 29: mean reward -3.50
Episode 30: mean reward -3.25
Episode 31: mean reward -3.50
Episode 32: mean reward -4.00
Episode 33: mean reward -2.50
Episode 34: mean reward -3.25
Episode 35: mean reward -3.50
Episode 36: mean reward -3.25
Episode 37: mean reward -3.75
Episode 38: mean reward -3.50
Episode 39: mean reward -3.75
Episode 40: mean reward -2.50
Episode 41: mean reward -3.50
Episode 42: mean reward -3.50
Episode 43: mean reward -3.50
Episode 44: mean reward -3.50
Episode 45: mean reward -3.75
Episode 46: mean reward -3.25
Episode 47: mean reward -3.50
Episode 48: mean reward -3.50
Episode 49: mean reward -3.75
Episode 50: mean reward -3.50
Episode 51: mean reward -3.50
Episode 52: mean reward -3.25
Episode 53: mean reward -3.75
Episode 54: mean reward -3.25
Episode 55: mean reward -3.50
Episode 56: mean reward -3.25
Episode 57: mean reward -3.00
Episode 58: mean reward -3.25
Episode 59: mean reward -3.00
Episode 60: mean reward -2.75
Episode 61: mean reward -3.00
Episode 62: mean reward -3.25
Episode 63: mean reward -3.25
Episode 64: mean reward -3.75
Episode 65: mean reward -2.50
Episode 66: mean reward -3.00
Episode 67: mean reward -3.75
Episode 68: mean reward -3.75
Episode 69: mean reward -3.25
Episode 70: mean reward -3.50
Episode 71: mean reward -3.75
Episode 72: mean reward -3.25
Episode 73: mean reward -3.50
Episode 74: mean reward -3.75
Episode 75: mean reward -3.25
Episode 76: mean reward -3.50
Episode 77: mean reward -3.75
Episode 78: mean reward -3.25
Episode 79: mean reward -3.75
Episode 80: mean reward -3.50
Episode 81: mean reward -3.50
Episode 82: mean reward -3.50
Episode 83: mean reward -3.50
Episode 84: mean reward -3.50
Episode 85: mean reward -3.50
Episode 86: mean reward -3.50
Episode 87: mean reward -4.00
Episode 88: mean reward -3.00
Episode 89: mean reward -3.75
Episode 90: mean reward -3.50
Episode 91: mean reward -3.50
Episode 92: mean reward -3.25
Episode 93: mean reward -4.00
Episode 94: mean reward -3.25
Episode 95: mean reward -3.50
Episode 96: mean reward -3.50
Episode 97: mean reward -3.50
Episode 98: mean reward -3.50
Episode 99: mean reward -3.75
Model saved to ./ppo_pong_model.pth
Episode 100: mean reward -3.50
Episode 101: mean reward -3.25
Episode 102: mean reward -3.50
Episode 103: mean reward -3.75
Episode 104: mean reward -3.25
Episode 105: mean reward -3.75
Episode 106: mean reward -3.50
Episode 107: mean reward -2.50
Episode 108: mean reward -2.25
Episode 109: mean reward -3.25
Episode 110: mean reward -2.75
Episode 111: mean reward -2.50
Episode 112: mean reward -3.25
Episode 113: mean reward -2.25
Episode 114: mean reward -1.25
Episode 115: mean reward -3.25
Episode 116: mean reward -2.75
Episode 117: mean reward -3.25
Episode 118: mean reward -3.00
Episode 119: mean reward -3.00
Episode 120: mean reward -2.75
Episode 121: mean reward -3.00
Episode 122: mean reward -3.25
Episode 123: mean reward -3.00
Episode 124: mean reward -3.75
Episode 125: mean reward -2.00
Episode 126: mean reward -1.00
Episode 127: mean reward -2.50
Episode 128: mean reward -2.25
Episode 129: mean reward -2.50
Episode 130: mean reward -2.50
Episode 131: mean reward -2.50
Episode 132: mean reward -2.75
Episode 133: mean reward -3.75
Episode 134: mean reward -2.50
Episode 135: mean reward -3.25
Episode 136: mean reward -3.50
Episode 137: mean reward -2.75
Episode 138: mean reward -3.75
Episode 139: mean reward -3.50
Episode 140: mean reward -3.25
Episode 141: mean reward -3.00
Episode 142: mean reward -3.00
Episode 143: mean reward -3.00
Episode 144: mean reward -1.75
Episode 145: mean reward -3.25
Episode 146: mean reward -3.25
Episode 147: mean reward -3.50
Episode 148: mean reward -2.50
Episode 149: mean reward -3.75
Episode 150: mean reward -2.50
Episode 151: mean reward -2.50
Episode 152: mean reward -3.25
Episode 153: mean reward -2.75
Episode 154: mean reward -3.00
Episode 155: mean reward -2.75
Episode 156: mean reward -1.75
Episode 157: mean reward -3.50
Episode 158: mean reward -3.00
Episode 159: mean reward -1.50
Episode 160: mean reward -2.75
Episode 161: mean reward -3.00
Episode 162: mean reward -2.75
Episode 163: mean reward -3.25
Episode 164: mean reward -2.75
Episode 165: mean reward -3.75
Episode 166: mean reward -3.00
Episode 167: mean reward -2.75
Episode 168: mean reward -3.50
Episode 169: mean reward -2.50
Episode 170: mean reward -2.25
Episode 171: mean reward -3.50
Episode 172: mean reward -3.75
Episode 173: mean reward -2.75
Episode 174: mean reward -3.00
Episode 175: mean reward -2.25
Episode 176: mean reward -1.50
Episode 177: mean reward -2.50
Episode 178: mean reward -2.75
Episode 179: mean reward -2.75
Episode 180: mean reward -3.75
Episode 181: mean reward -3.50
Episode 182: mean reward -2.75
Episode 183: mean reward -3.75
Episode 184: mean reward -2.75
Episode 185: mean reward -3.00
Episode 186: mean reward -3.50
Episode 187: mean reward -3.00
Episode 188: mean reward -3.25
Episode 189: mean reward -2.50
Episode 190: mean reward -3.25
Episode 191: mean reward -3.50
Episode 192: mean reward -3.75
Episode 193: mean reward -3.25
Episode 194: mean reward -3.25
Episode 195: mean reward -3.00
Episode 196: mean reward -2.25
Episode 197: mean reward -3.00
Episode 198: mean reward -2.50
Episode 199: mean reward -3.75
Model saved to ./ppo_pong_model.pth
Episode 200: mean reward -3.25
Episode 201: mean reward -2.75
Episode 202: mean reward -3.25
Episode 203: mean reward -3.00
Episode 204: mean reward -3.50
Episode 205: mean reward -3.00
Episode 206: mean reward -3.00
Episode 207: mean reward -3.75
Episode 208: mean reward -2.75
Episode 209: mean reward -2.25
Episode 210: mean reward -3.00
Episode 211: mean reward -3.50
Episode 212: mean reward -2.25
Episode 213: mean reward -3.75
Episode 214: mean reward -2.75
Episode 215: mean reward -2.25
Episode 216: mean reward -3.25
Episode 217: mean reward -3.00
Episode 218: mean reward -3.25
Episode 219: mean reward -2.75
Episode 220: mean reward -3.75
Episode 221: mean reward -2.75
Episode 222: mean reward -3.00
Episode 223: mean reward -1.75
Episode 224: mean reward -2.00
Episode 225: mean reward -2.50
Episode 226: mean reward -3.25
Episode 227: mean reward -3.00
Episode 228: mean reward -2.25
Episode 229: mean reward -2.75
Episode 230: mean reward -3.25
Episode 231: mean reward -2.50
Episode 232: mean reward -2.75
Episode 233: mean reward -2.00
Episode 234: mean reward -3.75
Episode 235: mean reward -2.25
Episode 236: mean reward -3.50
Episode 237: mean reward -3.25
Episode 238: mean reward -2.50
Episode 239: mean reward -2.50
Episode 240: mean reward -2.50
Episode 241: mean reward -2.25
Episode 242: mean reward -2.50
Episode 243: mean reward -3.25
Episode 244: mean reward -3.75
Episode 245: mean reward -3.50
Episode 246: mean reward -3.25
Episode 247: mean reward -3.00
Episode 248: mean reward -3.75
Episode 249: mean reward -3.00
Episode 250: mean reward -3.75
Episode 251: mean reward -3.75
Episode 252: mean reward -3.00
Episode 253: mean reward -3.25
Episode 254: mean reward -4.00
Episode 255: mean reward -3.00
Episode 256: mean reward -3.50
Episode 257: mean reward -3.00
Episode 258: mean reward -2.25
Episode 259: mean reward -3.00
Episode 260: mean reward -1.75
Episode 261: mean reward -1.50
Episode 262: mean reward -1.50
Episode 263: mean reward -2.75
Episode 264: mean reward -2.25
Episode 265: mean reward -3.75
Episode 266: mean reward -2.75
Episode 267: mean reward -2.00
Episode 268: mean reward -3.50
Episode 269: mean reward -3.25
Episode 270: mean reward -3.25
Episode 271: mean reward -3.25
Episode 272: mean reward -3.75
Episode 273: mean reward -3.00
Episode 274: mean reward -3.00
Episode 275: mean reward -1.25
Episode 276: mean reward -2.25
Episode 277: mean reward -3.25
Episode 278: mean reward -2.25
Episode 279: mean reward -2.25
Episode 280: mean reward -3.00
Episode 281: mean reward -2.50
Episode 282: mean reward -1.75
Episode 283: mean reward -2.75
Episode 284: mean reward -3.25
Episode 285: mean reward -2.75
Episode 286: mean reward -3.25
Episode 287: mean reward -2.00
Episode 288: mean reward -3.00
Episode 289: mean reward -2.75
Episode 290: mean reward -2.50
Episode 291: mean reward -3.50
Episode 292: mean reward -3.00
Episode 293: mean reward -2.50
Episode 294: mean reward -3.75
Episode 295: mean reward -2.25
Episode 296: mean reward -2.00
Episode 297: mean reward -2.00
Episode 298: mean reward -2.50
Episode 299: mean reward -2.50
Model saved to ./ppo_pong_model.pth
Episode 300: mean reward -2.00
Episode 301: mean reward -3.50
Episode 302: mean reward -2.50
Episode 303: mean reward -3.00
Episode 304: mean reward -3.00
Episode 305: mean reward -2.75
Episode 306: mean reward -3.50
Episode 307: mean reward -3.50
Episode 308: mean reward -2.25
Episode 309: mean reward -3.50
Episode 310: mean reward -3.75
Episode 311: mean reward -2.00
Episode 312: mean reward -3.25
Episode 313: mean reward -3.00
Episode 314: mean reward -2.00
Episode 315: mean reward -2.00
Episode 316: mean reward -2.00
Episode 317: mean reward -2.00
Episode 318: mean reward -2.75
Episode 319: mean reward -2.75
Episode 320: mean reward -2.75
Episode 321: mean reward -1.75
Episode 322: mean reward -3.25
Episode 323: mean reward -3.25
Episode 324: mean reward -3.25
Episode 325: mean reward -2.50
Episode 326: mean reward -3.25
Episode 327: mean reward -3.00
Episode 328: mean reward -2.25
Episode 329: mean reward -2.50
Episode 330: mean reward -1.75
Episode 331: mean reward -2.75
Episode 332: mean reward -3.50
Episode 333: mean reward -3.25
Episode 334: mean reward -2.75
Episode 335: mean reward -2.00
Episode 336: mean reward -1.25
Episode 337: mean reward -3.25
Episode 338: mean reward -2.75
Episode 339: mean reward -3.00
Episode 340: mean reward -3.00
Episode 341: mean reward -3.50
Episode 342: mean reward -2.00
Episode 343: mean reward -2.00
Episode 344: mean reward -2.75
Episode 345: mean reward -3.00
Episode 346: mean reward -3.25
Episode 347: mean reward -2.00
Episode 348: mean reward -3.00
Episode 349: mean reward -3.25
Episode 350: mean reward -2.75
Episode 351: mean reward -2.75
Episode 352: mean reward -2.50
Episode 353: mean reward -2.50
Episode 354: mean reward -4.00
Episode 355: mean reward -3.25
Episode 356: mean reward -2.25
Episode 357: mean reward -2.25
Episode 358: mean reward -2.75
Episode 359: mean reward -3.25
Episode 360: mean reward -3.00
Episode 361: mean reward -3.50
Episode 362: mean reward -3.25
Episode 363: mean reward -2.75
Episode 364: mean reward -3.25
Episode 365: mean reward -3.25
Episode 366: mean reward -1.25
Episode 367: mean reward -3.25
Episode 368: mean reward -2.75
Episode 369: mean reward -2.50
Episode 370: mean reward -2.00
Episode 371: mean reward -4.00
Episode 372: mean reward -2.00
Episode 373: mean reward -2.25
Episode 374: mean reward -3.00
Episode 375: mean reward -3.25
Episode 376: mean reward -3.25
Episode 377: mean reward -3.25
Episode 378: mean reward -3.25
Episode 379: mean reward -2.75
Episode 380: mean reward -3.75
Episode 381: mean reward -1.00
Episode 382: mean reward -2.25
Episode 383: mean reward -2.00
Episode 384: mean reward -2.75
Episode 385: mean reward -2.75
Episode 386: mean reward -3.00
Episode 387: mean reward -3.00
Episode 388: mean reward -3.25
Episode 389: mean reward -2.75
Episode 390: mean reward -3.25
Episode 391: mean reward -3.00
Episode 392: mean reward -2.50
Episode 393: mean reward -3.50
Episode 394: mean reward -2.75
Episode 395: mean reward -2.75
Episode 396: mean reward -3.25
Episode 397: mean reward -2.25
Episode 398: mean reward -3.50
Episode 399: mean reward -2.75
Model saved to ./ppo_pong_model.pth
Episode 400: mean reward -3.00
Episode 401: mean reward -3.50
Episode 402: mean reward -3.50
Episode 403: mean reward -3.25
Episode 404: mean reward -3.25
Episode 405: mean reward -3.50
Episode 406: mean reward -3.25
Episode 407: mean reward -3.75
Episode 408: mean reward -2.50
Episode 409: mean reward -2.50
Episode 410: mean reward -3.50
Episode 411: mean reward -3.25
Episode 412: mean reward -3.25
Episode 413: mean reward -3.75
Episode 414: mean reward -2.50
Episode 415: mean reward -3.00
Episode 416: mean reward -2.25
Episode 417: mean reward -3.00
Episode 418: mean reward -2.75
Episode 419: mean reward -3.00
Episode 420: mean reward -2.75
Episode 421: mean reward -2.50
Episode 422: mean reward -3.00
Episode 423: mean reward -1.50
Episode 424: mean reward -2.25
Episode 425: mean reward -2.75
Episode 426: mean reward -2.25
Episode 427: mean reward -3.00
Episode 428: mean reward -3.50
Episode 429: mean reward -2.75
Episode 430: mean reward -3.25
Episode 431: mean reward -3.25
Episode 432: mean reward -2.25
Episode 433: mean reward -2.00
Episode 434: mean reward -3.00
Episode 435: mean reward -2.50
Episode 436: mean reward -2.75
Episode 437: mean reward -3.00
Episode 438: mean reward -3.00
Episode 439: mean reward -2.25
Episode 440: mean reward -3.50
Episode 441: mean reward -3.00
Episode 442: mean reward -3.50
Episode 443: mean reward -3.25
Episode 444: mean reward -2.75
Episode 445: mean reward -3.25
Episode 446: mean reward -2.75
Episode 447: mean reward -3.25
Episode 448: mean reward -3.50
Episode 449: mean reward -3.25
Episode 450: mean reward -3.25
Episode 451: mean reward -1.50
Episode 452: mean reward -1.25
Episode 453: mean reward -1.25
Episode 454: mean reward -2.50
Episode 455: mean reward -3.00
Episode 456: mean reward -3.50
Episode 457: mean reward -2.00
Episode 458: mean reward -3.00
Episode 459: mean reward -2.75
Episode 460: mean reward -2.75
Episode 461: mean reward -3.25
Episode 462: mean reward -2.25
Episode 463: mean reward -1.75
Episode 464: mean reward -3.25
Episode 465: mean reward -1.25
Episode 466: mean reward -2.25
Episode 467: mean reward -2.50
Episode 468: mean reward -3.25
Episode 469: mean reward -1.75
Episode 470: mean reward -3.25
Episode 471: mean reward -3.00
Episode 472: mean reward -3.00
Episode 473: mean reward -3.00
Episode 474: mean reward -2.25
Episode 475: mean reward -3.75
Episode 476: mean reward -3.25
Episode 477: mean reward -3.25
Episode 478: mean reward -1.50
Episode 479: mean reward -2.75
Episode 480: mean reward -2.50
Episode 481: mean reward -2.50
Episode 482: mean reward -3.50
Episode 483: mean reward -2.50
Episode 484: mean reward -3.00
Episode 485: mean reward -3.25
Episode 486: mean reward -3.25
Episode 487: mean reward -2.50
Episode 488: mean reward -3.75
Episode 489: mean reward -2.50
Episode 490: mean reward -3.25
Episode 491: mean reward -3.50
Episode 492: mean reward -3.50
Episode 493: mean reward -3.25
Episode 494: mean reward -2.25
Episode 495: mean reward -3.25
Episode 496: mean reward -2.75
Episode 497: mean reward -3.00
Episode 498: mean reward -3.25
Episode 499: mean reward -3.00
Model saved to ./ppo_pong_model.pth
Episode 500: mean reward -2.75
Episode 501: mean reward -3.25
Episode 502: mean reward -3.75
Episode 503: mean reward -2.25
Episode 504: mean reward -3.50
Episode 505: mean reward -2.75
Episode 506: mean reward -2.00
Episode 507: mean reward -3.25
Episode 508: mean reward -3.25
Episode 509: mean reward -2.75
Episode 510: mean reward -2.75
Episode 511: mean reward -3.50
Episode 512: mean reward -1.25
Episode 513: mean reward -3.00
Episode 514: mean reward -3.00
Episode 515: mean reward -3.25
Episode 516: mean reward -3.75
Episode 517: mean reward -3.25
Episode 518: mean reward -3.00
Episode 519: mean reward -2.25
Episode 520: mean reward -1.50
Episode 521: mean reward -2.75
Episode 522: mean reward -3.25
Episode 523: mean reward -4.00
Episode 524: mean reward -3.00
Episode 525: mean reward -3.50
Episode 526: mean reward -3.00
Episode 527: mean reward -3.75
Episode 528: mean reward -3.00
Episode 529: mean reward -3.00
Episode 530: mean reward -3.75
Episode 531: mean reward -2.50
Episode 532: mean reward -3.75
Episode 533: mean reward -3.25
Episode 534: mean reward -3.00
Episode 535: mean reward -2.50
Episode 536: mean reward -2.25
Episode 537: mean reward -2.75
Episode 538: mean reward -3.25
Episode 539: mean reward -2.25
Episode 540: mean reward -3.25
Episode 541: mean reward -2.25
Episode 542: mean reward -3.00
Episode 543: mean reward -3.25
Episode 544: mean reward -2.50
Episode 545: mean reward -3.75
Episode 546: mean reward -1.75
Episode 547: mean reward -3.50
Episode 548: mean reward -2.50
Episode 549: mean reward -3.50
Episode 550: mean reward -2.75
Episode 551: mean reward -2.25
Episode 552: mean reward -3.25
Episode 553: mean reward -3.00
Episode 554: mean reward -3.25
Episode 555: mean reward -2.00
Episode 556: mean reward -3.00
Episode 557: mean reward -3.00
Episode 558: mean reward -2.25
Episode 559: mean reward -2.00
Episode 560: mean reward -3.50
Episode 561: mean reward -2.25
Episode 562: mean reward -2.50
Episode 563: mean reward -3.25
Episode 564: mean reward -2.50
Episode 565: mean reward -3.00
Episode 566: mean reward -2.75
Episode 567: mean reward -2.00
Episode 568: mean reward -2.00
Episode 569: mean reward -3.75
Episode 570: mean reward -1.75
Episode 571: mean reward -2.75
Episode 572: mean reward -2.25
Episode 573: mean reward -2.50
Episode 574: mean reward -2.50
Episode 575: mean reward -3.75
Episode 576: mean reward -2.00
Episode 577: mean reward -2.75
Episode 578: mean reward -3.25
Episode 579: mean reward -2.25
Episode 580: mean reward -3.25
Episode 581: mean reward -2.50
Episode 582: mean reward -2.75
Episode 583: mean reward -2.25
Episode 584: mean reward -2.50
Episode 585: mean reward -2.75
Episode 586: mean reward -2.50
Episode 587: mean reward -2.25
Episode 588: mean reward -2.50
Episode 589: mean reward -3.50
Episode 590: mean reward -3.50
Episode 591: mean reward -3.50
Episode 592: mean reward -1.75
Episode 593: mean reward -3.25
Episode 594: mean reward -3.00
Episode 595: mean reward -2.75
Episode 596: mean reward -3.75
Episode 597: mean reward -3.25
Episode 598: mean reward -3.25
Episode 599: mean reward -3.50
Model saved to ./ppo_pong_model.pth
Episode 600: mean reward -3.00
Episode 601: mean reward -3.00
Episode 602: mean reward -4.00
Episode 603: mean reward -3.50
Episode 604: mean reward -3.25
Episode 605: mean reward -3.25
Episode 606: mean reward -1.75
Episode 607: mean reward -3.25
Episode 608: mean reward -2.75
Episode 609: mean reward -3.00
Episode 610: mean reward -3.25
Episode 611: mean reward -3.50
Episode 612: mean reward -3.25
Episode 613: mean reward -2.50
Episode 614: mean reward -2.25
Episode 615: mean reward -2.75
Episode 616: mean reward -2.75
Episode 617: mean reward -2.50
Episode 618: mean reward -2.25
Episode 619: mean reward -3.50
Episode 620: mean reward -3.25
Episode 621: mean reward -2.25
Episode 622: mean reward -3.25
Episode 623: mean reward -3.50
Episode 624: mean reward -2.00
Episode 625: mean reward -2.75
Episode 626: mean reward -2.00
Episode 627: mean reward -3.25
Episode 628: mean reward -3.00
Episode 629: mean reward -3.00
Episode 630: mean reward -2.75
Episode 631: mean reward -2.75
Episode 632: mean reward -2.50
Episode 633: mean reward -2.25
Episode 634: mean reward -2.50
Episode 635: mean reward -2.75
Episode 636: mean reward -2.75
Episode 637: mean reward -2.50
Episode 638: mean reward -3.25
Episode 639: mean reward -3.50
Episode 640: mean reward -3.00
Episode 641: mean reward -1.50
Episode 642: mean reward -2.25
Episode 643: mean reward -3.50
Episode 644: mean reward -2.25
Episode 645: mean reward -3.75
Episode 646: mean reward -1.75
Episode 647: mean reward -3.25
Episode 648: mean reward -2.00
Episode 649: mean reward -2.50
Episode 650: mean reward -3.50
Episode 651: mean reward -2.25
Episode 652: mean reward -2.00
Episode 653: mean reward -3.00
Episode 654: mean reward -3.50
Episode 655: mean reward -2.25
Episode 656: mean reward -2.75
Episode 657: mean reward -2.75
Episode 658: mean reward -3.25
Episode 659: mean reward -3.00
Episode 660: mean reward -3.50
Episode 661: mean reward -2.50
Episode 662: mean reward -3.50
Episode 663: mean reward -2.50
Episode 664: mean reward -2.00
Episode 665: mean reward -3.50
Episode 666: mean reward -2.50
Episode 667: mean reward -1.50
Episode 668: mean reward -3.25
Episode 669: mean reward -3.25
Episode 670: mean reward -2.75
Episode 671: mean reward -2.50
Episode 672: mean reward -3.25
Episode 673: mean reward -2.50
Episode 674: mean reward -1.75
Episode 675: mean reward -2.75
Episode 676: mean reward -3.50
Episode 677: mean reward -3.25
Episode 678: mean reward -2.75
Episode 679: mean reward -2.50
Episode 680: mean reward -3.00
Episode 681: mean reward -2.50
Episode 682: mean reward -3.50
Episode 683: mean reward -2.75
Episode 684: mean reward -3.25
Episode 685: mean reward -2.50
Episode 686: mean reward -3.00
Episode 687: mean reward -2.75
Episode 688: mean reward -3.00
Episode 689: mean reward -3.25
Episode 690: mean reward -3.00
Episode 691: mean reward -3.50
Episode 692: mean reward -3.00
Episode 693: mean reward -2.75
Episode 694: mean reward -2.50
Episode 695: mean reward -2.75
Episode 696: mean reward -2.75
Episode 697: mean reward -2.75
Episode 698: mean reward -2.75
Episode 699: mean reward -3.75
Model saved to ./ppo_pong_model.pth
Episode 700: mean reward -2.50
Episode 701: mean reward -3.00
Episode 702: mean reward -2.50
Episode 703: mean reward -3.00
Episode 704: mean reward -3.00
Episode 705: mean reward -2.50
Episode 706: mean reward -3.00
Episode 707: mean reward -2.75
Episode 708: mean reward -3.50
Episode 709: mean reward -3.50
Episode 710: mean reward -2.50
Episode 711: mean reward -2.50
Episode 712: mean reward -3.25
Episode 713: mean reward -4.00
Episode 714: mean reward -2.75
Episode 715: mean reward -3.00
Episode 716: mean reward -3.25
Episode 717: mean reward -3.50
Episode 718: mean reward -3.25
Episode 719: mean reward -3.00
Episode 720: mean reward -3.25
Episode 721: mean reward -2.00
Episode 722: mean reward -2.00
Episode 723: mean reward -2.25
Episode 724: mean reward -3.25
Episode 725: mean reward -3.00
Episode 726: mean reward -3.75
Episode 727: mean reward -3.00
Episode 728: mean reward -2.25
Episode 729: mean reward -3.25
Episode 730: mean reward -3.25
Episode 731: mean reward -3.25
Episode 732: mean reward -2.75
Episode 733: mean reward -2.25
Episode 734: mean reward -3.00
Episode 735: mean reward -3.50
Episode 736: mean reward -2.75
Episode 737: mean reward -2.50
Episode 738: mean reward -2.50
Episode 739: mean reward -3.75
Episode 740: mean reward -2.25
Episode 741: mean reward -2.50
Episode 742: mean reward -3.00
Episode 743: mean reward -2.50
Episode 744: mean reward -2.75
Episode 745: mean reward -2.50
Episode 746: mean reward -2.50
Episode 747: mean reward -3.50
Episode 748: mean reward -3.25
Episode 749: mean reward -2.25
Episode 750: mean reward -3.50
Episode 751: mean reward -2.50
Episode 752: mean reward -3.25
Episode 753: mean reward -2.75
Episode 754: mean reward -3.25
Episode 755: mean reward -2.75
Episode 756: mean reward -3.00
Episode 757: mean reward -3.00
Episode 758: mean reward -3.50
Episode 759: mean reward -3.25
Episode 760: mean reward -2.50
Episode 761: mean reward -2.50
Episode 762: mean reward -1.75
Episode 763: mean reward -3.25
Episode 764: mean reward -3.25
Episode 765: mean reward -3.25
Episode 766: mean reward -2.25
Episode 767: mean reward -3.50
Episode 768: mean reward -2.75
Episode 769: mean reward -3.25
Episode 770: mean reward -2.50
Episode 771: mean reward -3.00
Episode 772: mean reward -2.25
Episode 773: mean reward -3.00
Episode 774: mean reward -3.25
Episode 775: mean reward -3.00
Episode 776: mean reward -3.00
Episode 777: mean reward -2.25
Episode 778: mean reward -3.50
Episode 779: mean reward -3.25
Episode 780: mean reward -3.25
Episode 781: mean reward -2.75
Episode 782: mean reward -3.75
Episode 783: mean reward -2.50
Episode 784: mean reward -2.75
Episode 785: mean reward -2.50
Episode 786: mean reward -3.00
Episode 787: mean reward -3.50
Episode 788: mean reward -3.50
Episode 789: mean reward -2.50
Episode 790: mean reward -3.50
Episode 791: mean reward -3.75
Episode 792: mean reward -3.25
Episode 793: mean reward -3.25
Episode 794: mean reward -3.00
Episode 795: mean reward -2.75
Episode 796: mean reward -2.75
Episode 797: mean reward -2.50
Episode 798: mean reward -3.50
Episode 799: mean reward -2.75
Model saved to ./ppo_pong_model.pth
Episode 800: mean reward -3.75
Episode 801: mean reward -3.00
Episode 802: mean reward -2.75
Episode 803: mean reward -3.25
Episode 804: mean reward -3.50
Episode 805: mean reward -3.50
Episode 806: mean reward -3.25
Episode 807: mean reward -2.00
Episode 808: mean reward -2.25
Episode 809: mean reward -2.25
Episode 810: mean reward -2.75
Episode 811: mean reward -2.75
Episode 812: mean reward -3.25
Episode 813: mean reward -2.75
Episode 814: mean reward -2.75
Episode 815: mean reward -2.50
Episode 816: mean reward -2.75
Episode 817: mean reward -2.50
Episode 818: mean reward -1.75
Episode 819: mean reward -3.50
Episode 820: mean reward -2.25
Episode 821: mean reward -3.00
Episode 822: mean reward -1.00
Episode 823: mean reward -2.75
Episode 824: mean reward -2.75
Episode 825: mean reward -2.75
Episode 826: mean reward -3.25
Episode 827: mean reward -3.25
Episode 828: mean reward -3.00
Episode 829: mean reward -2.50
Episode 830: mean reward -2.50
Episode 831: mean reward -2.25
Episode 832: mean reward -3.25
Episode 833: mean reward -3.75
Episode 834: mean reward -3.50
Episode 835: mean reward -3.00
Episode 836: mean reward -2.25
Episode 837: mean reward -3.25
Episode 838: mean reward -3.25
Episode 839: mean reward -3.00
Episode 840: mean reward -1.75
Episode 841: mean reward -3.50
Episode 842: mean reward -3.25
Episode 843: mean reward -3.25
Episode 844: mean reward -3.75
Episode 845: mean reward -2.25
Episode 846: mean reward -3.00
Episode 847: mean reward -2.50
Episode 848: mean reward -2.50
Episode 849: mean reward -2.25
Episode 850: mean reward -2.25
Episode 851: mean reward -2.75
Episode 852: mean reward -3.00
Episode 853: mean reward -3.75
Episode 854: mean reward -3.00
Episode 855: mean reward -3.50
Episode 856: mean reward -3.50
Episode 857: mean reward -3.50
Episode 858: mean reward -3.75
Episode 859: mean reward -3.00
Episode 860: mean reward -3.25
Episode 861: mean reward -2.75
Episode 862: mean reward -3.25
Episode 863: mean reward -3.00
Episode 864: mean reward -3.25
Episode 865: mean reward -3.00
Episode 866: mean reward -2.50
Episode 867: mean reward -2.50
Episode 868: mean reward -3.50
Episode 869: mean reward -3.00
Episode 870: mean reward -1.25
Episode 871: mean reward -1.25
Episode 872: mean reward -3.00
Episode 873: mean reward -2.50
Episode 874: mean reward -3.25
Episode 875: mean reward -3.25
Episode 876: mean reward -3.00
Episode 877: mean reward -2.75
Episode 878: mean reward -3.00
Episode 879: mean reward -3.75
Episode 880: mean reward -3.50
Episode 881: mean reward -2.75
Episode 882: mean reward -3.50
Episode 883: mean reward -3.25
Episode 884: mean reward -3.75
Episode 885: mean reward -2.50
Episode 886: mean reward -3.75
Episode 887: mean reward -3.25
Episode 888: mean reward -3.00
Episode 889: mean reward -3.00
Episode 890: mean reward -2.75
Episode 891: mean reward -3.25
Episode 892: mean reward -1.75
Episode 893: mean reward -2.75
Episode 894: mean reward -4.00
Episode 895: mean reward -2.25
Episode 896: mean reward -3.00
Episode 897: mean reward -2.75
Episode 898: mean reward -3.00
Episode 899: mean reward -3.25
Model saved to ./ppo_pong_model.pth
Episode 900: mean reward -3.75
Episode 901: mean reward -2.50
Episode 902: mean reward -3.00
Episode 903: mean reward -3.75
Episode 904: mean reward -3.50
Episode 905: mean reward -3.25
Episode 906: mean reward -3.00
Episode 907: mean reward -3.00
Episode 908: mean reward -3.25
Episode 909: mean reward -2.25
Episode 910: mean reward -3.00
Episode 911: mean reward -3.00
Episode 912: mean reward -2.50
Episode 913: mean reward -2.25
Episode 914: mean reward -1.75
Episode 915: mean reward -2.25
Episode 916: mean reward -2.75
Episode 917: mean reward -2.25
Episode 918: mean reward -2.00
Episode 919: mean reward -3.25
Episode 920: mean reward -2.75
Episode 921: mean reward -2.75
Episode 922: mean reward -3.00
Episode 923: mean reward -2.75
Episode 924: mean reward -2.50
Episode 925: mean reward -2.00
Episode 926: mean reward -1.00
Episode 927: mean reward -2.00
Episode 928: mean reward -2.50
Episode 929: mean reward -2.25
Episode 930: mean reward -3.00
Episode 931: mean reward -2.75
Episode 932: mean reward -3.00
Episode 933: mean reward -2.25
Episode 934: mean reward -2.75
Episode 935: mean reward -3.00
Episode 936: mean reward -2.50
Episode 937: mean reward -3.50
Episode 938: mean reward -3.25
Episode 939: mean reward -3.50
Episode 940: mean reward -3.00
Episode 941: mean reward -2.00
Episode 942: mean reward -2.00
Episode 943: mean reward -2.75
Episode 944: mean reward -1.00
Episode 945: mean reward -2.50
Episode 946: mean reward -3.50
Episode 947: mean reward -2.50
Episode 948: mean reward -3.25
Episode 949: mean reward -2.00
Episode 950: mean reward -2.00
Episode 951: mean reward -1.75
Episode 952: mean reward -3.25
Episode 953: mean reward -2.50
Episode 954: mean reward -2.25
Episode 955: mean reward -2.25
Episode 956: mean reward -2.00
Episode 957: mean reward -1.75
Episode 958: mean reward -2.50
Episode 959: mean reward -3.00
Episode 960: mean reward -3.00
Episode 961: mean reward -3.25
Episode 962: mean reward -2.75
Episode 963: mean reward -3.25
Episode 964: mean reward -3.00
Episode 965: mean reward -4.00
Episode 966: mean reward -3.25
Episode 967: mean reward -2.50
Episode 968: mean reward -3.00
Episode 969: mean reward -2.50
Episode 970: mean reward -2.25
Episode 971: mean reward -1.75
Episode 972: mean reward -2.75
Episode 973: mean reward -3.50
Episode 974: mean reward -3.75
Episode 975: mean reward -1.75
Episode 976: mean reward -2.75
Episode 977: mean reward -3.00
Episode 978: mean reward -2.75
Episode 979: mean reward -2.25
Episode 980: mean reward -3.00
Episode 981: mean reward -2.75
Episode 982: mean reward -2.50
Episode 983: mean reward -2.50
Episode 984: mean reward -3.75
Episode 985: mean reward -3.00
Episode 986: mean reward -3.25
Episode 987: mean reward -3.00
Episode 988: mean reward -3.00
Episode 989: mean reward -3.25
Episode 990: mean reward -3.50
Episode 991: mean reward -2.50
Episode 992: mean reward -3.50
Episode 993: mean reward -2.50
Episode 994: mean reward -3.50
Episode 995: mean reward -3.75
Episode 996: mean reward -2.75
Episode 997: mean reward -3.50
Episode 998: mean reward -3.50
Episode 999: mean reward -3.25
Model saved to ./ppo_pong_model.pth
Reward curve saved to ppo_pong_training_curve.png
